/usr/local/bin/picard: line 5: warning: setlocale: LC_ALL: cannot change locale (en_US.UTF-8): No such file or directory
INFO	2023-10-25 05:26:57	MarkDuplicates	

********** NOTE: Picard's command line syntax is changing.
**********
********** For more information, please see:
********** https://github.com/broadinstitute/picard/wiki/Command-Line-Syntax-Transition-For-Users-(Pre-Transition)
**********
********** The command line looks like this in the new syntax:
**********
**********    MarkDuplicates -OUTPUT picard_MarkDuplicates_markduplicates.bam -METRICS_FILE picard_MarkDuplicates_markduplicates.metrics -INPUT /var/lib/cwl/stgcfad5769-d52d-420b-a37d-e578e9f0cffd/picard_MarkDuplicates.bam -ASSUME_SORTED TRUE -OPTICAL_DUPLICATE_PIXEL_DISTANCE 100 -REMOVE_DUPLICATES TRUE
**********


05:26:57.912 INFO  NativeLibraryLoader - Loading libgkl_compression.so from jar:file:/usr/local/share/picard-2.22.2-0/picard.jar!/com/intel/gkl/native/libgkl_compression.so
[Wed Oct 25 05:26:57 GMT 2023] MarkDuplicates INPUT=[/var/lib/cwl/stgcfad5769-d52d-420b-a37d-e578e9f0cffd/picard_MarkDuplicates.bam] OUTPUT=picard_MarkDuplicates_markduplicates.bam METRICS_FILE=picard_MarkDuplicates_markduplicates.metrics REMOVE_DUPLICATES=true ASSUME_SORTED=true OPTICAL_DUPLICATE_PIXEL_DISTANCE=100    MAX_SEQUENCES_FOR_DISK_READ_ENDS_MAP=50000 MAX_FILE_HANDLES_FOR_READ_ENDS_MAP=8000 SORTING_COLLECTION_SIZE_RATIO=0.25 TAG_DUPLICATE_SET_MEMBERS=false REMOVE_SEQUENCING_DUPLICATES=false TAGGING_POLICY=DontTag CLEAR_DT=true DUPLEX_UMI=false ADD_PG_TAG_TO_READS=true DUPLICATE_SCORING_STRATEGY=SUM_OF_BASE_QUALITIES PROGRAM_RECORD_ID=MarkDuplicates PROGRAM_GROUP_NAME=MarkDuplicates READ_NAME_REGEX=<optimized capture of last three ':' separated fields as numeric values> MAX_OPTICAL_DUPLICATE_SET_SIZE=300000 VERBOSITY=INFO QUIET=false VALIDATION_STRINGENCY=STRICT COMPRESSION_LEVEL=5 MAX_RECORDS_IN_RAM=500000 CREATE_INDEX=false CREATE_MD5_FILE=false GA4GH_CLIENT_SECRETS=client_secrets.json USE_JDK_DEFLATER=false USE_JDK_INFLATER=false
[Wed Oct 25 05:26:57 GMT 2023] Executing as default@7842140b0548 on Linux 5.4.72-microsoft-standard-WSL2 amd64; OpenJDK 64-Bit Server VM 11.0.1-internal+0-adhoc..src; Deflater: Intel; Inflater: Intel; Provider GCS is not available; Picard version: 2.22.2
INFO	2023-10-25 05:26:57	MarkDuplicates	Start of doWork freeMemory: 530759000; totalMemory: 536870912; maxMemory: 2147483648
INFO	2023-10-25 05:26:57	MarkDuplicates	Reading input file and constructing read end information.
INFO	2023-10-25 05:26:57	MarkDuplicates	Will retain up to 7780737 data points before spilling to disk.
INFO	2023-10-25 05:26:57	MarkDuplicates	Read 10 records. 0 pairs never matched.
INFO	2023-10-25 05:26:57	MarkDuplicates	After buildSortedReadEndLists freeMemory: 467591944; totalMemory: 536870912; maxMemory: 2147483648
INFO	2023-10-25 05:26:57	MarkDuplicates	Will retain up to 67108864 duplicate indices before spilling to disk.
INFO	2023-10-25 05:26:58	MarkDuplicates	Traversing read pair information and detecting duplicates.
INFO	2023-10-25 05:26:58	MarkDuplicates	Traversing fragment information and detecting duplicates.
INFO	2023-10-25 05:26:58	MarkDuplicates	Sorting list of duplicate records.
INFO	2023-10-25 05:26:58	MarkDuplicates	After generateDuplicateIndexes freeMemory: 530571024; totalMemory: 1074790400; maxMemory: 2147483648
INFO	2023-10-25 05:26:58	MarkDuplicates	Marking 3 records as duplicates.
INFO	2023-10-25 05:26:58	MarkDuplicates	Found 0 optical duplicate clusters.
INFO	2023-10-25 05:26:58	MarkDuplicates	Reads are assumed to be ordered by: coordinate
INFO	2023-10-25 05:26:58	MarkDuplicates	Writing complete. Closing input iterator.
INFO	2023-10-25 05:26:58	MarkDuplicates	Duplicate Index cleanup.
INFO	2023-10-25 05:26:58	MarkDuplicates	Getting Memory Stats.
INFO	2023-10-25 05:26:58	MarkDuplicates	Before output close freeMemory: 530154256; totalMemory: 536870912; maxMemory: 2147483648
INFO	2023-10-25 05:26:58	MarkDuplicates	Closed outputs. Getting more Memory Stats.
INFO	2023-10-25 05:26:58	MarkDuplicates	After output close freeMemory: 530214304; totalMemory: 536870912; maxMemory: 2147483648
[Wed Oct 25 05:26:58 GMT 2023] picard.sam.markduplicates.MarkDuplicates done. Elapsed time: 0.00 minutes.
Runtime.totalMemory()=536870912
